[2026-01-07 05:45:54] Google Auth: User exists, logging in
[2026-01-07 05:46:08] Google Auth: Access Token provided
[2026-01-07 05:46:09] Google Auth: Got user data - alenchacko2028@mca.ajce.in
[2026-01-07 05:46:09] Google Auth: User exists, logging in
[2026-01-07 05:46:33] Google Auth: Access Token provided
[2026-01-07 05:46:33] Google Auth: Got user data - alenchacko2028@mca.ajce.in
[2026-01-07 05:46:33] Google Auth: User exists, logging in
[2026-01-07 05:46:46] Google Auth: Access Token provided
[2026-01-07 05:46:47] Google Auth: Got user data - alenchacko2028@mca.ajce.in
[2026-01-07 05:46:47] Google Auth: User exists, logging in
[2026-01-07 05:47:01] Google Auth: Access Token provided
[2026-01-07 05:47:01] Google Auth: Got user data - alenchacko2028@mca.ajce.in
[2026-01-07 05:47:01] Google Auth: User exists, logging in
[2026-01-07 05:47:12] Google Auth: Access Token provided
[2026-01-07 05:47:12] Google Auth: Got user data - alenchacko2028@mca.ajce.in
[2026-01-07 05:47:12] Google Auth: User exists, logging in
[2026-01-07 05:47:20] Google Auth: Access Token provided
[2026-01-07 05:47:22] Google Auth: Got user data - alenchacko2028@mca.ajce.in
[2026-01-07 05:47:22] Google Auth: User exists, logging in
[2026-01-07 05:47:35] Google Auth: Access Token provided
[2026-01-07 05:47:36] Google Auth: Got user data - alenchacko2028@mca.ajce.in
[2026-01-07 05:47:36] Google Auth: User exists, logging in
[2026-01-07 05:50:47] Google Auth: Access Token provided
[2026-01-07 05:50:50] Google Auth: Got user data - alenchacko2028@mca.ajce.in
[2026-01-07 05:50:50] Google Auth: User exists, logging in
[2026-01-07 05:50:50] createSession called for user 1
[2026-01-07 05:51:01] Exception: MySQL server has gone away
[2026-01-07 05:51:10] Google Auth: Access Token provided
[2026-01-07 05:51:12] Google Auth: Got user data - alenchacko2028@mca.ajce.in
[2026-01-07 05:51:12] Google Auth: User exists, logging in
[2026-01-07 05:51:12] createSession called for user 1
[2026-01-07 05:51:12] Google Auth: Session created, success
[2026-01-07 06:20:49] Google Auth: Access Token provided
[2026-01-07 06:20:50] Google Auth: Got user data - alenchacko2028@mca.ajce.in
[2026-01-07 06:20:50] Google Auth: User exists, logging in
[2026-01-07 06:20:50] createSession called for user 1
[2026-01-07 06:20:50] Google Auth: Session created, success
[2026-01-07 06:40:23] Google Auth: Access Token provided
[2026-01-07 06:40:24] Google Auth: Got user data - alenchacko2028@mca.ajce.in
[2026-01-07 06:40:24] Google Auth: User exists, logging in
[2026-01-07 06:40:24] createSession called for user 1
[2026-01-07 06:40:24] Google Auth: Session created, success
[2026-01-07 07:00:19] Google Auth: Access Token provided
[2026-01-07 07:00:20] Google Auth: Got user data - alenchacko2028@mca.ajce.in
[2026-01-07 07:00:20] Google Auth: User exists, logging in
[2026-01-07 07:00:20] createSession called for user 1
[2026-01-07 07:00:20] Google Auth: Session created, success
[2026-01-07 09:15:54] Google Auth: Access Token provided
[2026-01-07 09:15:55] Google Auth: Got user data - alenchacko2028@mca.ajce.in
[2026-01-07 09:15:55] Google Auth: User exists, logging in
[2026-01-07 09:15:55] createSession called for user 1
[2026-01-07 09:15:55] Google Auth: Session created, success
[2026-01-07 10:30:03] Google Auth: Access Token provided
[2026-01-07 10:30:04] Google Auth: Got user data - alenchacko2028@mca.ajce.in
[2026-01-07 10:30:04] Google Auth: User exists, logging in
[2026-01-07 10:30:04] createSession called for user 1
[2026-01-07 10:30:04] Google Auth: Session created, success
[2026-01-08 04:25:11] Google Auth: Access Token provided
[2026-01-08 04:25:11] Google Auth: Got user data - alenchacko2028@mca.ajce.in
[2026-01-08 04:25:11] Google Auth: User exists, logging in
[2026-01-08 04:25:11] createSession called for user 1
[2026-01-08 04:25:11] Google Auth: Session created, success
[2026-01-08 04:55:11] Update Profile Error: MySQL server has gone away
[2026-01-08 04:55:39] createSession called for user 1
[2026-01-08 05:13:55] Google Auth: Access Token provided
[2026-01-08 05:13:56] Google Auth: Got user data - alenchacko2028@mca.ajce.in
[2026-01-08 05:13:56] Google Auth: User exists, logging in
[2026-01-08 05:13:56] createSession called for user 1
[2026-01-08 05:13:56] Google Auth: Session created, success
[2026-01-08 05:33:48] createSession called for user 1
[2026-01-08 05:53:17] Google Auth: Access Token provided
[2026-01-08 05:53:17] Google Auth: Got user data - alenchacko2028@mca.ajce.in
[2026-01-08 05:53:17] Google Auth: User exists, logging in
[2026-01-08 05:53:17] createSession called for user 1
[2026-01-08 05:53:17] Google Auth: Session created, success
[2026-01-08 07:30:13] Google Auth: Access Token provided
[2026-01-08 07:30:13] Google Auth: Got user data - alenchacko2028@mca.ajce.in
[2026-01-08 07:30:13] Google Auth: User exists, logging in
[2026-01-08 07:30:13] createSession called for user 1
[2026-01-08 07:30:13] Google Auth: Session created, success
[2026-01-08 07:54:32] Google Auth: Access Token provided
[2026-01-08 07:54:33] Google Auth: Got user data - alenchacko2028@mca.ajce.in
[2026-01-08 07:54:33] Google Auth: User exists, logging in
[2026-01-08 07:54:33] createSession called for user 1
[2026-01-08 07:54:33] Google Auth: Session created, success
[2026-01-08 11:50:02] Google Auth: Access Token provided
[2026-01-08 11:50:02] Google Auth: Got user data - alenchacko2028@mca.ajce.in
[2026-01-08 11:50:02] Google Auth: User exists, logging in
[2026-01-08 11:50:02] createSession called for user 1
[2026-01-08 11:50:02] Google Auth: Session created, success
[2026-01-09 05:48:53] Google Auth: Access Token provided
[2026-01-09 05:48:54] Google Auth: Got user data - alenchacko2028@mca.ajce.in
[2026-01-09 05:48:54] Google Auth: User exists, logging in
[2026-01-09 05:48:54] createSession called for user 1
[2026-01-09 05:48:54] Google Auth: Session created, success
[2026-01-09 06:32:08] Google Auth: Access Token provided
[2026-01-09 06:32:08] Google Auth: Got user data - alenchacko2028@mca.ajce.in
[2026-01-09 06:32:08] Google Auth: User exists, logging in
[2026-01-09 06:32:08] createSession called for user 1
[2026-01-09 06:32:08] Google Auth: Session created, success
[2026-01-09 06:42:09] createSession called for user 4
[2026-01-12 07:20:37] Google Auth: Access Token provided
[2026-01-12 07:20:37] Google Auth: Got user data - alenchacko2028@mca.ajce.in
[2026-01-12 07:20:37] Google Auth: User exists, logging in
[2026-01-12 07:20:37] createSession called for user 1
[2026-01-12 07:20:37] Google Auth: Session created, success
[2026-01-12 09:47:31] Google Auth: Access Token provided
[2026-01-12 09:47:32] Google Auth: Got user data - alenchacko2028@mca.ajce.in
[2026-01-12 09:47:32] Google Auth: User exists, logging in
[2026-01-12 09:47:32] createSession called for user 1
[2026-01-12 09:47:32] Google Auth: Session created, success
[2026-01-12 09:54:57] Google Auth: Access Token provided
[2026-01-12 09:54:59] Google Auth: Got user data - alenchacko2028@mca.ajce.in
[2026-01-12 09:54:59] Google Auth: User exists, logging in
[2026-01-12 09:54:59] createSession called for user 1
[2026-01-12 09:54:59] Google Auth: Session created, success
[2026-01-12 11:04:36] Google Auth: Access Token provided
[2026-01-12 11:04:36] Google Auth: Got user data - alenchacko2028@mca.ajce.in
[2026-01-12 11:04:36] Google Auth: User exists, logging in
[2026-01-12 11:04:36] createSession called for user 1
[2026-01-12 11:04:36] Google Auth: Session created, success
[2026-01-13 03:25:48] Google Auth: Access Token provided
[2026-01-13 03:25:49] Google Auth: Got user data - alenchacko2028@mca.ajce.in
[2026-01-13 03:25:49] Google Auth: User exists, logging in
[2026-01-13 03:25:49] createSession called for user 1
[2026-01-13 03:25:49] Google Auth: Session created, success
[2026-01-13 04:57:01] Google Auth: Access Token provided
[2026-01-13 04:57:03] Google Auth: Got user data - alenchacko2028@mca.ajce.in
[2026-01-13 04:57:03] Google Auth: User exists, logging in
[2026-01-13 04:57:03] createSession called for user 1
[2026-01-13 04:57:03] Google Auth: Session created, success
[2026-01-13 07:16:56] Google Auth: Access Token provided
[2026-01-13 07:16:57] Google Auth: Got user data - alenchacko2028@mca.ajce.in
[2026-01-13 07:16:57] Google Auth: User exists, logging in
[2026-01-13 07:16:57] createSession called for user 1
[2026-01-13 07:16:57] Google Auth: Session created, success
[2026-01-13 07:50:59] Google Auth: Creating new user
[2026-01-13 07:51:00] createSession called for user 6
[2026-01-13 07:51:00] Google Auth: Session created, success
[2026-01-13 10:46:48] Google Auth: Creating new user
[2026-01-13 10:46:48] createSession called for user 7
[2026-01-13 10:46:48] Google Auth: Session created, success
[2026-01-13 10:47:40] Google Auth: User exists, logging in
[2026-01-13 10:47:40] createSession called for user 2
[2026-01-13 10:47:40] Google Auth: Session created, success
[2026-01-14 04:58:38] Google Auth: Access Token provided
[2026-01-14 04:58:38] Google Auth: Got user data - saviojose2028@mca.ajce.in
[2026-01-14 04:58:38] Google Auth: User exists, logging in
[2026-01-14 04:58:38] createSession called for user 7
[2026-01-14 04:58:38] Google Auth: Session created, success
[2026-01-14 05:43:29] Google Auth: Access Token provided
[2026-01-14 05:43:30] Google Auth: Got user data - alenchacko2028@mca.ajce.in
[2026-01-14 05:43:30] Google Auth: User exists, logging in
[2026-01-14 05:43:30] createSession called for user 1
[2026-01-14 05:43:30] Google Auth: Session created, success
[2026-01-14 06:24:57] Google Auth: Access Token provided
[2026-01-14 06:24:57] Google Auth: Got user data - alenchacko2028@mca.ajce.in
[2026-01-14 06:24:57] Google Auth: User exists, logging in
[2026-01-14 06:24:57] createSession called for user 1
[2026-01-14 06:24:57] Google Auth: Session created, success
[2026-01-14 07:10:50] Google Auth: Access Token provided
[2026-01-14 07:10:50] Google Auth: Got user data - alenchacko2028@mca.ajce.in
[2026-01-14 07:10:50] Google Auth: User exists, logging in
[2026-01-14 07:10:50] createSession called for user 1
[2026-01-14 07:10:50] Google Auth: Session created, success
[2026-01-16 02:54:12] Google Auth: Access Token provided
[2026-01-16 02:54:13] Google Auth: Got user data - alenchacko2028@mca.ajce.in
[2026-01-16 02:54:13] Google Auth: User exists, logging in
[2026-01-16 02:54:13] createSession called for user 1
[2026-01-16 02:54:13] Google Auth: Session created, success
[2026-01-16 03:06:35] Google Auth: Access Token provided
[2026-01-16 03:06:35] Google Auth: Got user data - alenchacko2028@mca.ajce.in
[2026-01-16 03:06:35] Google Auth: User exists, logging in
[2026-01-16 03:06:35] createSession called for user 1
[2026-01-16 03:06:35] Google Auth: Session created, success
[2026-01-16 03:36:58] Google Auth: Access Token provided
[2026-01-16 03:36:59] Google Auth: Got user data - alenchacko2028@mca.ajce.in
[2026-01-16 03:36:59] Google Auth: User exists, logging in
[2026-01-16 03:36:59] createSession called for user 1
[2026-01-16 03:36:59] Google Auth: Session created, success
[2026-01-16 04:59:23] Google Auth: Access Token provided
[2026-01-16 04:59:24] Google Auth: Got user data - alenchacko2028@mca.ajce.in
[2026-01-16 04:59:24] Google Auth: User exists, logging in
[2026-01-16 04:59:24] createSession called for user 1
[2026-01-16 04:59:24] Google Auth: Session created, success
[2026-01-16 05:07:02] Google Auth: Access Token provided
[2026-01-16 05:07:02] Google Auth: Got user data - alenchacko2028@mca.ajce.in
[2026-01-16 05:07:02] Google Auth: User exists, logging in
[2026-01-16 05:07:02] createSession called for user 1
[2026-01-16 05:07:02] Google Auth: Session created, success
[2026-01-16 05:07:28] Google Auth: Access Token provided
[2026-01-16 05:07:29] Google Auth: Got user data - alenchacko2028@mca.ajce.in
[2026-01-16 05:07:29] Google Auth: User exists, logging in
[2026-01-16 05:07:29] createSession called for user 1
[2026-01-16 05:07:29] Google Auth: Session created, success
[2026-01-16 05:11:56] Google Auth: Access Token provided
[2026-01-16 05:11:59] Google Auth: Got user data - alenchacko2028@mca.ajce.in
[2026-01-16 05:11:59] Google Auth: User exists, logging in
[2026-01-16 05:11:59] createSession called for user 1
[2026-01-16 05:11:59] Google Auth: Session created, success
[2026-01-16 05:14:44] Google Auth: Access Token provided
[2026-01-16 05:14:44] Google Auth: Got user data - alenchacko2028@mca.ajce.in
[2026-01-16 05:14:44] Google Auth: User exists, logging in
[2026-01-16 05:14:44] createSession called for user 1
[2026-01-16 05:14:44] Google Auth: Session created, success
[2026-01-16 05:22:11] Google Auth: Access Token provided
[2026-01-16 05:22:12] Google Auth: Got user data - alenchacko2028@mca.ajce.in
[2026-01-16 05:22:12] Google Auth: User exists, logging in
[2026-01-16 05:22:12] createSession called for user 1
[2026-01-16 05:22:12] Google Auth: Session created, success
[2026-01-16 06:16:58] Google Auth: Access Token provided
[2026-01-16 06:17:01] Google Auth: Got user data - alenchacko2028@mca.ajce.in
[2026-01-16 06:17:01] Google Auth: User exists, logging in
[2026-01-16 06:17:01] createSession called for user 1
[2026-01-16 06:17:01] Google Auth: Session created, success
[2026-01-16 06:56:06] Google Auth: Access Token provided
[2026-01-16 06:56:07] Google Auth: Got user data - alenchacko2028@mca.ajce.in
[2026-01-16 06:56:07] Google Auth: User exists, logging in
[2026-01-16 06:56:07] createSession called for user 1
[2026-01-16 06:56:07] Google Auth: Session created, success
[2026-01-16 07:12:36] Google Auth: Access Token provided
[2026-01-16 07:12:37] Google Auth: Got user data - alenchacko2028@mca.ajce.in
[2026-01-16 07:12:37] Google Auth: User exists, logging in
[2026-01-16 07:12:37] createSession called for user 1
[2026-01-16 07:12:37] Google Auth: Session created, success
[2026-01-16 07:19:03] Google Auth: Access Token provided
[2026-01-16 07:19:03] Google Auth: Got user data - alenchacko2028@mca.ajce.in
[2026-01-16 07:19:03] Google Auth: User exists, logging in
[2026-01-16 07:19:03] createSession called for user 1
[2026-01-16 07:19:03] Google Auth: Session created, success
[2026-01-16 07:41:59] Google Auth: Access Token provided
[2026-01-16 07:42:00] Google Auth: Got user data - alenchacko2028@mca.ajce.in
[2026-01-16 07:42:00] Google Auth: User exists, logging in
[2026-01-16 07:42:00] createSession called for user 1
[2026-01-16 07:42:00] Google Auth: Session created, success
[2026-01-16 07:56:20] Google Auth: Access Token provided
[2026-01-16 07:56:20] Google Auth: Got user data - alenchacko2028@mca.ajce.in
[2026-01-16 07:56:20] Google Auth: User exists, logging in
[2026-01-16 07:56:20] createSession called for user 1
[2026-01-16 07:56:20] Google Auth: Session created, success
[2026-01-18 05:47:13] Google Auth: Access Token provided
[2026-01-18 05:47:14] Google Auth: Got user data - alenchacko2028@mca.ajce.in
[2026-01-18 05:47:14] Google Auth: User exists, logging in
[2026-01-18 05:47:14] createSession called for user 1
[2026-01-18 05:47:14] Google Auth: Session created, success
[2026-01-18 05:47:57] Google Auth: Access Token provided
[2026-01-18 05:47:58] Google Auth: Got user data - alenchacko2028@mca.ajce.in
[2026-01-18 05:47:58] Google Auth: User exists, logging in
[2026-01-18 05:47:58] createSession called for user 1
[2026-01-18 05:47:58] Google Auth: Session created, success
[2026-01-18 05:58:29] Google Auth: Access Token provided
[2026-01-18 05:58:30] Google Auth: Got user data - alenchacko2028@mca.ajce.in
[2026-01-18 05:58:30] Google Auth: User exists, logging in
[2026-01-18 05:58:30] createSession called for user 1
[2026-01-18 05:58:30] Google Auth: Session created, success
[2026-01-18 06:00:27] Google Auth: User exists, logging in
[2026-01-18 06:00:27] createSession called for user 2
[2026-01-18 06:00:27] Google Auth: Session created, success
[2026-01-18 06:00:43] Google Auth: User exists, logging in
[2026-01-18 06:00:43] createSession called for user 2
[2026-01-18 06:00:43] Google Auth: Session created, success
[2026-01-18 06:50:40] Google Auth: User exists, logging in
[2026-01-18 06:50:40] createSession called for user 2
[2026-01-18 06:50:40] Google Auth: Session created, success
[2026-01-18 06:50:49] Google Auth: User exists, logging in
[2026-01-18 06:50:49] createSession called for user 7
[2026-01-18 06:50:49] Google Auth: Session created, success
[2026-01-18 07:02:31] Google Auth: User exists, logging in
[2026-01-18 07:02:31] createSession called for user 2
[2026-01-18 07:02:31] Google Auth: Session created, success
[2026-01-18 07:02:44] Google Auth: User exists, logging in
[2026-01-18 07:02:44] createSession called for user 1
[2026-01-18 07:02:44] Google Auth: Session created, success
[2026-01-18 07:09:37] Google Auth: User exists, logging in
[2026-01-18 07:09:37] createSession called for user 2
[2026-01-18 07:09:37] Google Auth: Session created, success
[2026-01-18 07:10:08] Google Auth: Access Token provided
[2026-01-18 07:10:08] Google Auth: Got user data - alenchacko2028@mca.ajce.in
[2026-01-18 07:10:08] Google Auth: User exists, logging in
[2026-01-18 07:10:08] createSession called for user 1
[2026-01-18 07:10:08] Google Auth: Session created, success
[2026-01-18 07:33:23] Google Auth: Access Token provided
[2026-01-18 07:33:23] Google Auth: Got user data - alenchacko2004@gmail.com
[2026-01-18 07:33:23] Google Auth: User exists, logging in
[2026-01-18 07:33:23] createSession called for user 2
[2026-01-18 07:33:23] Google Auth: Session created, success
[2026-01-18 07:33:39] Google Auth: User exists, logging in
[2026-01-18 07:33:39] createSession called for user 2
[2026-01-18 07:33:39] Google Auth: Session created, success
[2026-01-18 07:34:52] Google Auth: User exists, logging in
[2026-01-18 07:34:52] createSession called for user 7
[2026-01-18 07:34:52] Google Auth: Session created, success
[2026-01-18 07:35:05] Google Auth: User exists, logging in
[2026-01-18 07:35:05] createSession called for user 2
[2026-01-18 07:35:05] Google Auth: Session created, success
[2026-01-18 07:42:48] Google Auth: Access Token provided
[2026-01-18 07:42:48] Google Auth: Got user data - alenchacko2028@mca.ajce.in
[2026-01-18 07:42:48] Google Auth: User exists, logging in
[2026-01-18 07:42:48] createSession called for user 1
[2026-01-18 07:42:48] Google Auth: Session created, success
[2026-01-18 08:13:07] Google Auth: User exists, logging in
[2026-01-18 08:13:07] createSession called for user 2
[2026-01-18 08:13:07] Google Auth: Session created, success
[2026-01-18 08:17:04] Google Auth: Access Token provided
[2026-01-18 08:17:04] Google Auth: Got user data - alenchacko2028@mca.ajce.in
[2026-01-18 08:17:04] Google Auth: User exists, logging in
[2026-01-18 08:17:04] createSession called for user 1
[2026-01-18 08:17:04] Google Auth: Session created, success
[2026-01-19 04:26:18] Google Auth: Access Token provided
[2026-01-19 04:26:19] Google Auth: Got user data - alenchacko2028@mca.ajce.in
[2026-01-19 04:26:19] Google Auth: User exists, logging in
[2026-01-19 04:26:19] createSession called for user 1
[2026-01-19 04:26:19] Google Auth: Session created, success
[2026-01-19 04:27:35] Google Auth: User exists, logging in
[2026-01-19 04:27:35] createSession called for user 2
[2026-01-19 04:27:35] Google Auth: Session created, success
[2026-01-19 05:10:04] Google Auth: Access Token provided
[2026-01-19 05:10:04] Google Auth: Got user data - alenchacko2028@mca.ajce.in
[2026-01-19 05:10:04] Google Auth: User exists, logging in
[2026-01-19 05:10:04] createSession called for user 1
[2026-01-19 05:10:04] Google Auth: Session created, success
[2026-01-19 05:20:06] Google Auth: User exists, logging in
[2026-01-19 05:20:06] createSession called for user 2
[2026-01-19 05:20:06] Google Auth: Session created, success
[2026-01-19 05:20:27] Google Auth: Access Token provided
[2026-01-19 05:20:27] Google Auth: Got user data - alenchacko2028@mca.ajce.in
[2026-01-19 05:20:27] Google Auth: User exists, logging in
[2026-01-19 05:20:27] createSession called for user 1
[2026-01-19 05:20:27] Google Auth: Session created, success
[2026-01-19 05:36:05] Google Auth: User exists, logging in
[2026-01-19 05:36:05] createSession called for user 2
[2026-01-19 05:36:05] Google Auth: Session created, success
[2026-01-19 05:41:21] Google Auth: User exists, logging in
[2026-01-19 05:41:21] createSession called for user 2
[2026-01-19 05:41:22] Google Auth: Session created, success
[2026-01-19 05:42:35] Google Auth: Access Token provided
[2026-01-19 05:42:36] Google Auth: Got user data - alenchacko2028@mca.ajce.in
[2026-01-19 05:42:36] Google Auth: User exists, logging in
[2026-01-19 05:42:36] createSession called for user 1
[2026-01-19 05:42:36] Google Auth: Session created, success
[2026-01-19 05:48:35] Google Auth: User exists, logging in
[2026-01-19 05:48:35] createSession called for user 2
[2026-01-19 05:48:35] Google Auth: Session created, success
[2026-01-19 06:03:40] Google Auth: Access Token provided
[2026-01-19 06:03:40] Google Auth: Got user data - alenchacko2028@mca.ajce.in
[2026-01-19 06:03:40] Google Auth: User exists, logging in
[2026-01-19 06:03:40] createSession called for user 1
[2026-01-19 06:03:40] Google Auth: Session created, success
[2026-01-19 17:37:20] Google Auth: Access Token provided
[2026-01-19 17:37:21] Google Auth: Got user data - alenchacko2028@mca.ajce.in
[2026-01-19 17:37:21] Google Auth: User exists, logging in
[2026-01-19 17:37:21] createSession called for user 1
[2026-01-19 17:37:21] Google Auth: Session created, success
[2026-01-19 17:49:14] Google Auth: Access Token provided
[2026-01-19 17:49:15] Google Auth: Got user data - alenchacko2028@mca.ajce.in
[2026-01-19 17:49:15] Google Auth: User exists, logging in
[2026-01-19 17:49:15] createSession called for user 1
[2026-01-19 17:49:15] Google Auth: Session created, success
[2026-01-19 17:59:57] Google Auth: Access Token provided
[2026-01-19 17:59:58] Google Auth: Got user data - alenchacko2028@mca.ajce.in
[2026-01-19 17:59:58] Google Auth: User exists, logging in
[2026-01-19 17:59:58] createSession called for user 1
[2026-01-19 17:59:58] Google Auth: Session created, success
[2026-01-20 04:52:29] Google Auth: Access Token provided
[2026-01-20 04:52:29] Google Auth: Got user data - alenchacko2028@mca.ajce.in
[2026-01-20 04:52:29] Google Auth: User exists, logging in
[2026-01-20 04:52:29] createSession called for user 1
[2026-01-20 04:52:29] Google Auth: Session created, success
[2026-01-20 04:55:04] Google Auth: Access Token provided
[2026-01-20 04:55:04] Google Auth: Got user data - alenchacko2028@mca.ajce.in
[2026-01-20 04:55:04] Google Auth: User exists, logging in
[2026-01-20 04:55:04] createSession called for user 1
[2026-01-20 04:55:05] Google Auth: Session created, success
[2026-01-20 05:17:50] Google Auth: Access Token provided
[2026-01-20 05:17:50] Google Auth: Got user data - alenchacko2028@mca.ajce.in
[2026-01-20 05:17:50] Google Auth: User exists, logging in
[2026-01-20 05:17:50] createSession called for user 1
[2026-01-20 05:17:50] Google Auth: Session created, success
[2026-01-20 06:11:28] Google Auth: Access Token provided
[2026-01-20 06:11:30] Google Auth: Got user data - alenchacko2028@mca.ajce.in
[2026-01-20 06:11:30] Google Auth: User exists, logging in
[2026-01-20 06:11:30] createSession called for user 1
[2026-01-20 06:11:30] Google Auth: Session created, success
[2026-01-20 06:29:41] Google Auth: Access Token provided
[2026-01-20 06:29:41] Google Auth: Got user data - alenchacko2028@mca.ajce.in
[2026-01-20 06:29:41] Google Auth: User exists, logging in
[2026-01-20 06:29:41] createSession called for user 1
[2026-01-20 06:29:41] Google Auth: Session created, success
[2026-01-20 06:47:51] Google Auth: Access Token provided
[2026-01-20 06:47:51] Google Auth: Got user data - alenchacko2028@mca.ajce.in
[2026-01-20 06:47:51] Google Auth: User exists, logging in
[2026-01-20 06:47:51] createSession called for user 1
[2026-01-20 06:47:51] Google Auth: Session created, success
[2026-01-22 04:24:42] Google Auth: Access Token provided
[2026-01-22 04:24:43] Google Auth: Got user data - alenchacko2028@mca.ajce.in
[2026-01-22 04:24:43] Google Auth: User exists, logging in
[2026-01-22 04:24:43] createSession called for user 1
[2026-01-22 04:24:43] Google Auth: Session created, success
[2026-01-28 16:11:14] Google Auth: Access Token provided
[2026-01-28 16:11:14] Google Auth: Got user data - alenchacko2028@mca.ajce.in
[2026-01-28 16:11:15] Google Auth: User exists, logging in
[2026-01-28 16:11:15] createSession called for user 1
[2026-01-28 16:11:15] Google Auth: Session created, success
[2026-01-28 17:23:39] Google Auth: User exists, logging in
[2026-01-28 17:23:39] createSession called for user 2
[2026-01-28 17:23:39] Google Auth: Session created, success
[2026-01-28 17:48:26] Google Auth: Access Token provided
[2026-01-28 17:48:37] Google Auth cURL Error: OpenSSL SSL_connect: SSL_ERROR_SYSCALL in connection to www.googleapis.com:443 
[2026-01-28 17:48:37] Google Auth: Falling back to file_get_contents
[2026-01-28 17:48:38] Google Auth: Got user data - alenchacko2028@mca.ajce.in
[2026-01-28 17:48:38] Google Auth: User exists, logging in
[2026-01-28 17:48:38] createSession called for user 1
[2026-01-28 17:48:38] Google Auth: Session created, success
[2026-01-28 18:10:48] Google Auth: User exists, logging in
[2026-01-28 18:10:48] createSession called for user 2
[2026-01-28 18:10:48] Google Auth: Session created, success
[2026-01-28 18:11:46] Google Auth: Access Token provided
[2026-01-28 18:11:47] Google Auth: Got user data - alenchacko2028@mca.ajce.in
[2026-01-28 18:11:47] Google Auth: User exists, logging in
[2026-01-28 18:11:47] createSession called for user 1
[2026-01-28 18:11:47] Google Auth: Session created, success
[2026-01-29 02:33:47] Google Auth: Access Token provided
[2026-01-29 02:33:48] Google Auth: Got user data - alenchacko2028@mca.ajce.in
[2026-01-29 02:33:48] Google Auth: User exists, logging in
[2026-01-29 02:33:48] createSession called for user 1
[2026-01-29 02:33:48] Google Auth: Session created, success
[2026-01-29 03:26:29] Google Auth: Access Token provided
[2026-01-29 03:26:29] Google Auth: Got user data - sharijohn1975@gmail.com
[2026-01-29 03:26:29] Google Auth: Creating new user
[2026-01-29 03:26:29] createSession called for user 9
[2026-01-29 03:26:29] Google Auth: Session created, success
[2026-01-29 04:22:21] Google Auth: Access Token provided
[2026-01-29 04:22:22] Google Auth: Got user data - sharijohn1975@gmail.com
[2026-01-29 04:22:22] Google Auth: User exists, logging in
[2026-01-29 04:22:22] createSession called for user 9
[2026-01-29 04:22:22] Google Auth: Session created, success
[2026-01-29 04:24:29] Google Auth: Access Token provided
[2026-01-29 04:24:30] Google Auth: Got user data - alenchacko2028@mca.ajce.in
[2026-01-29 04:24:30] Google Auth: User exists, logging in
[2026-01-29 04:24:30] createSession called for user 1
[2026-01-29 04:24:30] Google Auth: Session created, success
[2026-01-29 04:32:46] Google Auth: User exists, logging in
[2026-01-29 04:32:46] createSession called for user 2
[2026-01-29 04:32:46] Google Auth: Session created, success
[2026-01-29 04:33:16] Google Auth: Access Token provided
[2026-01-29 04:33:17] Google Auth: Got user data - alenchacko2028@mca.ajce.in
[2026-01-29 04:33:17] Google Auth: User exists, logging in
[2026-01-29 04:33:17] createSession called for user 1
[2026-01-29 04:33:17] Google Auth: Session created, success
[2026-01-29 04:34:12] Google Auth: User exists, logging in
[2026-01-29 04:34:12] createSession called for user 2
[2026-01-29 04:34:12] Google Auth: Session created, success
[2026-01-29 04:43:34] Google Auth: Access Token provided
[2026-01-29 04:43:34] Google Auth: Got user data - alenchacko2028@mca.ajce.in
[2026-01-29 04:43:34] Google Auth: User exists, logging in
[2026-01-29 04:43:34] createSession called for user 1
[2026-01-29 04:43:34] Google Auth: Session created, success
[2026-01-29 04:49:42] Google Auth: User exists, logging in
[2026-01-29 04:49:42] createSession called for user 2
[2026-01-29 04:49:42] Google Auth: Session created, success
[2026-01-29 05:13:24] Google Auth: Access Token provided
[2026-01-29 05:13:24] Google Auth: Got user data - alenchacko2028@mca.ajce.in
[2026-01-29 05:13:24] Google Auth: User exists, logging in
[2026-01-29 05:13:24] createSession called for user 1
[2026-01-29 05:13:24] Google Auth: Session created, success
[2026-01-29 05:14:47] Google Auth: User exists, logging in
[2026-01-29 05:14:47] createSession called for user 2
[2026-01-29 05:14:47] Google Auth: Session created, success
[2026-01-29 05:15:12] Google Auth: Access Token provided
[2026-01-29 05:15:13] Google Auth: Got user data - alenchacko2028@mca.ajce.in
[2026-01-29 05:15:13] Google Auth: User exists, logging in
[2026-01-29 05:15:13] createSession called for user 1
[2026-01-29 05:15:13] Google Auth: Session created, success
[2026-01-29 05:16:06] Google Auth: User exists, logging in
[2026-01-29 05:16:06] createSession called for user 2
[2026-01-29 05:16:06] Google Auth: Session created, success
[2026-01-29 05:23:58] Google Auth: Access Token provided
[2026-01-29 05:23:59] Google Auth: Got user data - alenchacko2028@mca.ajce.in
[2026-01-29 05:23:59] Google Auth: User exists, logging in
[2026-01-29 05:23:59] createSession called for user 1
[2026-01-29 05:23:59] Google Auth: Session created, success
[2026-01-29 05:39:44] Google Auth: Access Token provided
[2026-01-29 05:39:45] Google Auth: Got user data - alenchacko2004@gmail.com
[2026-01-29 05:39:45] Google Auth: User exists, logging in
[2026-01-29 05:39:45] createSession called for user 2
[2026-01-29 05:39:45] Google Auth: Session created, success
[2026-01-29 05:39:58] Google Auth: User exists, logging in
[2026-01-29 05:39:58] createSession called for user 2
[2026-01-29 05:39:58] Google Auth: Session created, success
[2026-01-29 05:40:58] Google Auth: Access Token provided
[2026-01-29 05:40:58] Google Auth: Got user data - alenchacko2028@mca.ajce.in
[2026-01-29 05:40:58] Google Auth: User exists, logging in
[2026-01-29 05:40:58] createSession called for user 1
[2026-01-29 05:40:58] Google Auth: Session created, success
[2026-01-29 07:01:26] Google Auth: Creating new user
[2026-01-29 07:01:26] createSession called for user 10
[2026-01-29 07:01:26] Google Auth: Session created, success
[2026-01-29 10:11:28] Google Auth: Access Token provided
[2026-01-29 10:11:28] Google Auth: Got user data - alenchacko2028@mca.ajce.in
[2026-01-29 10:11:28] Google Auth: User exists, logging in
[2026-01-29 10:11:28] createSession called for user 1
[2026-01-29 10:11:28] Google Auth: Session created, success
[2026-01-29 10:12:42] Google Auth: User exists, logging in
[2026-01-29 10:12:42] createSession called for user 2
[2026-01-29 10:12:42] Google Auth: Session created, success
[2026-01-29 10:13:38] Google Auth: Access Token provided
[2026-01-29 10:13:38] Google Auth: Got user data - alenchacko2028@mca.ajce.in
[2026-01-29 10:13:38] Google Auth: User exists, logging in
[2026-01-29 10:13:38] createSession called for user 1
[2026-01-29 10:13:38] Google Auth: Session created, success
[2026-01-29 10:14:16] Google Auth: User exists, logging in
[2026-01-29 10:14:16] createSession called for user 2
[2026-01-29 10:14:16] Google Auth: Session created, success
[2026-01-29 10:24:43] Google Auth: User exists, logging in
[2026-01-29 10:24:43] createSession called for user 10
[2026-01-29 10:24:43] Google Auth: Session created, success
[2026-01-29 10:25:33] Google Auth: Access Token provided
[2026-01-29 10:25:33] Google Auth: Got user data - alenchacko2028@mca.ajce.in
[2026-01-29 10:25:33] Google Auth: User exists, logging in
[2026-01-29 10:25:33] createSession called for user 1
[2026-01-29 10:25:33] Google Auth: Session created, success
[2026-01-29 11:10:11] Google Auth: User exists, logging in
[2026-01-29 11:10:11] createSession called for user 10
[2026-01-29 11:10:11] Google Auth: Session created, success
[2026-01-30 02:34:00] Google Auth: Access Token provided
[2026-01-30 02:34:01] Google Auth: Got user data - alenchacko2028@mca.ajce.in
[2026-01-30 02:34:01] Google Auth: User exists, logging in
[2026-01-30 02:34:01] createSession called for user 1
[2026-01-30 02:34:01] Google Auth: Session created, success
[2026-01-30 02:44:53] Google Auth: User exists, logging in
[2026-01-30 02:44:53] createSession called for user 2
[2026-01-30 02:44:53] Google Auth: Session created, success
[2026-01-30 03:02:22] Google Auth: User exists, logging in
[2026-01-30 03:02:22] createSession called for user 2
[2026-01-30 03:02:22] Google Auth: Session created, success
[2026-01-30 03:03:34] Google Auth: Access Token provided
[2026-01-30 03:03:35] Google Auth: Got user data - alenchacko2028@mca.ajce.in
[2026-01-30 03:03:35] Google Auth: User exists, logging in
[2026-01-30 03:03:35] createSession called for user 1
[2026-01-30 03:03:35] Google Auth: Session created, success
[2026-01-30 03:05:00] Google Auth: User exists, logging in
[2026-01-30 03:05:00] createSession called for user 2
[2026-01-30 03:05:00] Google Auth: Session created, success
[2026-01-30 03:06:11] Google Auth: Access Token provided
[2026-01-30 03:06:12] Google Auth: Got user data - alenchacko2028@mca.ajce.in
[2026-01-30 03:06:12] Google Auth: User exists, logging in
[2026-01-30 03:06:12] createSession called for user 1
[2026-01-30 03:06:12] Google Auth: Session created, success
[2026-01-30 04:43:27] Google Auth: Access Token provided
[2026-01-30 04:43:27] Google Auth: Got user data - alenchacko2028@mca.ajce.in
[2026-01-30 04:43:28] Google Auth: User exists, logging in
[2026-01-30 04:43:28] createSession called for user 1
[2026-01-30 04:43:28] Google Auth: Session created, success
[2026-01-30 05:12:56] createSession called for user 1
[2026-01-30 05:13:28] createSession called for user 1
[2026-01-30 06:51:14] Google Auth: Access Token provided
[2026-01-30 06:51:14] Google Auth: Got user data - alenchacko2028@mca.ajce.in
[2026-01-30 06:51:14] Google Auth: User exists, logging in
[2026-01-30 06:51:14] createSession called for user 1
[2026-01-30 06:51:14] Google Auth: Session created, success
[2026-01-30 06:52:19] Google Auth: Access Token provided
[2026-01-30 06:52:19] Google Auth: Got user data - alenchacko2028@mca.ajce.in
[2026-01-30 06:52:19] Google Auth: User exists, logging in
[2026-01-30 06:52:19] createSession called for user 1
[2026-01-30 06:52:19] Google Auth: Session created, success
[2026-02-02 02:41:28] Google Auth: Access Token provided
[2026-02-02 02:41:29] Google Auth: Got user data - alenchacko2028@mca.ajce.in
[2026-02-02 02:41:29] Google Auth: User exists, logging in
[2026-02-02 02:41:29] createSession called for user 1
[2026-02-02 02:41:29] Google Auth: Session created, success
[2026-02-02 03:10:11] Google Auth: Access Token provided
[2026-02-02 03:10:11] Google Auth: Got user data - alenchacko2028@mca.ajce.in
[2026-02-02 03:10:11] Google Auth: User exists, logging in
[2026-02-02 03:10:11] createSession called for user 1
[2026-02-02 03:10:11] Google Auth: Session created, success
[2026-02-02 04:27:58] Google Auth: Access Token provided
[2026-02-02 04:27:58] Google Auth: Got user data - alenchacko2028@mca.ajce.in
[2026-02-02 04:27:59] Google Auth: User exists, logging in
[2026-02-02 04:27:59] createSession called for user 1
[2026-02-02 04:27:59] Google Auth: Session created, success
[2026-02-02 04:35:40] Google Auth: Access Token provided
[2026-02-02 04:35:41] Google Auth: Got user data - sharijohn1975@gmail.com
[2026-02-02 04:35:41] Google Auth: User exists, logging in
[2026-02-02 04:35:41] createSession called for user 9
[2026-02-02 04:35:41] Google Auth: Session created, success
[2026-02-02 04:41:52] Google Auth: Access Token provided
[2026-02-02 04:41:53] Google Auth: Got user data - alenchacko2028@mca.ajce.in
[2026-02-02 04:41:53] Google Auth: User exists, logging in
[2026-02-02 04:41:53] createSession called for user 1
[2026-02-02 04:41:53] Google Auth: Session created, success
[2026-02-02 04:50:15] Google Auth: User exists, logging in
[2026-02-02 04:50:15] createSession called for user 2
[2026-02-02 04:50:15] Google Auth: Session created, success
[2026-02-02 04:55:11] Google Auth: Access Token provided
[2026-02-02 04:55:12] Google Auth: Got user data - alenchacko2028@mca.ajce.in
[2026-02-02 04:55:12] Google Auth: User exists, logging in
[2026-02-02 04:55:12] createSession called for user 1
[2026-02-02 04:55:12] Google Auth: Session created, success
[2026-02-02 05:03:38] Google Auth: Access Token provided
[2026-02-02 05:03:38] Google Auth: Got user data - sharijohn1975@gmail.com
[2026-02-02 05:03:38] Google Auth: User exists, logging in
[2026-02-02 05:03:38] createSession called for user 9
[2026-02-02 05:03:38] Google Auth: Session created, success
[2026-02-02 05:04:57] Google Auth: Access Token provided
[2026-02-02 05:04:58] Google Auth: Got user data - alenchacko2028@mca.ajce.in
[2026-02-02 05:04:58] Google Auth: User exists, logging in
[2026-02-02 05:04:58] createSession called for user 1
[2026-02-02 05:04:58] Google Auth: Session created, success
[2026-02-04 05:08:26] createSession called for user 1
[2026-02-04 05:13:16] createSession called for user 11
[2026-02-04 06:45:02] Google Auth: Access Token provided
[2026-02-04 06:45:02] Google Auth: Got user data - abnersamjose2028@mca.ajce.in
[2026-02-04 06:45:02] Google Auth: User exists, logging in
[2026-02-04 06:45:02] createSession called for user 10
[2026-02-04 06:45:02] Google Auth: Session created, success
[2026-02-04 06:45:20] Google Auth: Access Token provided
[2026-02-04 06:45:20] Google Auth: Got user data - sharijohn1975@gmail.com
[2026-02-04 06:45:20] Google Auth: User exists, logging in
[2026-02-04 06:45:20] createSession called for user 9
[2026-02-04 06:45:20] Google Auth: Session created, success
[2026-02-06 06:40:18] Google Auth: Access Token provided
[2026-02-06 06:40:18] Google Auth: Got user data - alenchacko2028@mca.ajce.in
[2026-02-06 06:40:18] Google Auth: Creating new user with type farmer
[2026-02-06 06:40:19] createSession called for user 12
[2026-02-06 06:40:19] Google Auth: Session created, success
[2026-02-06 07:16:00] createSession called for user 12
[2026-02-06 07:18:33] Google Auth: Access Token provided
[2026-02-06 07:18:33] Google Auth: Got user data - alenchacko2004@gmail.com
[2026-02-06 07:18:33] Google Auth: Creating new user with type owner
[2026-02-06 07:18:33] createSession called for user 13
[2026-02-06 07:18:33] Google Auth: Session created, success
[2026-02-07 03:18:04] createSession called for user 13
[2026-02-08 14:59:32] createSession called for user 12
[2026-02-09 05:02:42] Exception: MySQL server has gone away
[2026-02-09 05:03:09] createSession called for user 12
[2026-02-09 05:13:59] createSession called for user 13
[2026-02-09 05:31:43] createSession called for user 13
[2026-02-09 05:32:24] createSession called for user 12
[2026-02-09 05:58:11] createSession called for user 13
[2026-02-09 06:00:55] Google Auth: Access Token provided
[2026-02-09 06:00:55] Google Auth: Got user data - alenchacko2028@mca.ajce.in
[2026-02-09 06:00:55] Google Auth: User exists, logging in
[2026-02-09 06:00:55] createSession called for user 12
[2026-02-09 06:00:55] Google Auth: Session created, success
[2026-02-09 06:01:33] Google Auth: Access Token provided
[2026-02-09 06:01:34] Google Auth: Got user data - alenchacko2004@gmail.com
[2026-02-09 06:01:34] Google Auth: User exists, logging in
[2026-02-09 06:01:34] createSession called for user 13
[2026-02-09 06:01:34] Google Auth: Session created, success
[2026-02-09 06:01:56] Google Auth: Access Token provided
[2026-02-09 06:01:56] Google Auth: Got user data - alenchacko2028@mca.ajce.in
[2026-02-09 06:01:56] Google Auth: User exists, logging in
[2026-02-09 06:01:56] createSession called for user 12
[2026-02-09 06:01:56] Google Auth: Session created, success
[2026-02-09 07:19:35] Google Auth: Access Token provided
[2026-02-09 07:19:35] Google Auth: Got user data - alenchacko2004@gmail.com
[2026-02-09 07:19:35] Google Auth: User exists, logging in
[2026-02-09 07:19:35] createSession called for user 13
[2026-02-09 07:19:35] Google Auth: Session created, success
[2026-02-09 07:24:48] Google Auth: Access Token provided
[2026-02-09 07:24:48] Google Auth: Got user data - alenchacko2028@mca.ajce.in
[2026-02-09 07:24:48] Google Auth: User exists, logging in
[2026-02-09 07:24:48] createSession called for user 12
[2026-02-09 07:24:48] Google Auth: Session created, success
[2026-02-09 07:38:13] Google Auth: Access Token provided
[2026-02-09 07:38:13] Google Auth: Got user data - alenchacko2004@gmail.com
[2026-02-09 07:38:13] Google Auth: User exists, logging in
[2026-02-09 07:38:13] createSession called for user 13
[2026-02-09 07:38:13] Google Auth: Session created, success
[2026-02-10 03:20:54] Google Auth: Access Token provided
[2026-02-10 03:20:55] Google Auth: Got user data - alenchacko2028@mca.ajce.in
[2026-02-10 03:20:55] Google Auth: User exists, logging in
[2026-02-10 03:20:55] createSession called for user 12
[2026-02-10 03:20:55] Google Auth: Session created, success
[2026-02-10 03:21:23] Google Auth: Access Token provided
[2026-02-10 03:21:23] Google Auth: Got user data - alenchacko2004@gmail.com
[2026-02-10 03:21:23] Google Auth: User exists, logging in
[2026-02-10 03:21:23] createSession called for user 13
[2026-02-10 03:21:23] Google Auth: Session created, success
[2026-02-10 03:23:53] Google Auth: Access Token provided
[2026-02-10 03:23:54] Google Auth: Got user data - alenchacko2028@mca.ajce.in
[2026-02-10 03:23:54] Google Auth: User exists, logging in
[2026-02-10 03:23:54] createSession called for user 12
[2026-02-10 03:23:54] Google Auth: Session created, success
[2026-02-10 03:35:38] Google Auth: Access Token provided
[2026-02-10 03:35:38] Google Auth: Got user data - alenchacko2004@gmail.com
[2026-02-10 03:35:38] Google Auth: User exists, logging in
[2026-02-10 03:35:38] createSession called for user 13
[2026-02-10 03:35:38] Google Auth: Session created, success
[2026-02-10 03:36:18] Google Auth: Access Token provided
[2026-02-10 03:36:18] Google Auth: Got user data - alenchacko2028@mca.ajce.in
[2026-02-10 03:36:18] Google Auth: User exists, logging in
[2026-02-10 03:36:18] createSession called for user 12
[2026-02-10 03:36:18] Google Auth: Session created, success
[2026-02-10 04:38:29] createSession called for user 11
[2026-02-10 05:02:49] Google Auth: Access Token provided
[2026-02-10 05:02:50] Google Auth: Got user data - alenchacko2028@mca.ajce.in
[2026-02-10 05:02:50] Google Auth: User exists, logging in
[2026-02-10 05:02:50] createSession called for user 12
[2026-02-10 05:02:50] Google Auth: Session created, success
[2026-02-10 05:27:56] Google Auth: Access Token provided
[2026-02-10 05:27:57] Google Auth: Got user data - alenchacko2028@mca.ajce.in
[2026-02-10 05:27:57] Google Auth: User exists, logging in
[2026-02-10 05:27:57] createSession called for user 12
[2026-02-10 05:27:57] Google Auth: Session created, success
[2026-02-10 06:13:39] createSession called for user 11
[2026-02-10 06:14:52] Google Auth: Access Token provided
[2026-02-10 06:14:52] Google Auth: Got user data - alenchacko2004@gmail.com
[2026-02-10 06:14:53] Google Auth: User exists, logging in
[2026-02-10 06:14:53] createSession called for user 13
[2026-02-10 06:14:53] Google Auth: Session created, success
[2026-02-10 06:17:31] Google Auth: Access Token provided
[2026-02-10 06:17:32] Google Auth: Got user data - alenchacko2028@mca.ajce.in
[2026-02-10 06:17:32] Google Auth: User exists, logging in
[2026-02-10 06:17:32] createSession called for user 12
[2026-02-10 06:17:32] Google Auth: Session created, success
[2026-02-10 06:19:03] Google Auth: Access Token provided
[2026-02-10 06:19:03] Google Auth: Got user data - alenchacko2004@gmail.com
[2026-02-10 06:19:03] Google Auth: User exists, logging in
[2026-02-10 06:19:03] createSession called for user 13
[2026-02-10 06:19:03] Google Auth: Session created, success
[2026-02-10 06:19:38] Google Auth: Access Token provided
[2026-02-10 06:19:38] Google Auth: Got user data - alenchacko2028@mca.ajce.in
[2026-02-10 06:19:38] Google Auth: User exists, logging in
[2026-02-10 06:19:38] createSession called for user 12
[2026-02-10 06:19:38] Google Auth: Session created, success
[2026-02-10 09:16:46] Google Auth: Access Token provided
[2026-02-10 09:16:47] Google Auth: Got user data - alenchacko2028@mca.ajce.in
[2026-02-10 09:16:47] Google Auth: User exists, logging in
[2026-02-10 09:16:47] createSession called for user 12
[2026-02-10 09:16:47] Google Auth: Session created, success
[2026-02-10 15:55:11] Google Auth: Access Token provided
[2026-02-10 15:55:12] Google Auth: Got user data - alenchacko2028@mca.ajce.in
[2026-02-10 15:55:12] Google Auth: User exists, logging in
[2026-02-10 15:55:12] createSession called for user 12
[2026-02-10 15:55:12] Google Auth: Session created, success
[2026-02-10 16:41:29] Google Auth: Access Token provided
[2026-02-10 16:41:30] Google Auth: Got user data - alenchacko2004@gmail.com
[2026-02-10 16:41:30] Google Auth: User exists, logging in
[2026-02-10 16:41:30] createSession called for user 13
[2026-02-10 16:41:30] Google Auth: Session created, success
[2026-02-10 16:42:27] Google Auth: Access Token provided
[2026-02-10 16:42:27] Google Auth: Got user data - alenchacko2028@mca.ajce.in
[2026-02-10 16:42:27] Google Auth: User exists, logging in
[2026-02-10 16:42:27] createSession called for user 12
[2026-02-10 16:42:27] Google Auth: Session created, success
[2026-02-10 18:03:19] Google Auth: Access Token provided
[2026-02-10 18:03:20] Google Auth: Got user data - alenchacko2004@gmail.com
[2026-02-10 18:03:20] Google Auth: User exists, logging in
[2026-02-10 18:03:20] createSession called for user 13
[2026-02-10 18:03:20] Google Auth: Session created, success
[2026-02-11 04:32:01] Google Auth: Access Token provided
[2026-02-11 04:32:03] Google Auth: Got user data - alenchacko2004@gmail.com
[2026-02-11 04:32:03] Google Auth: User exists, logging in
[2026-02-11 04:32:03] createSession called for user 13
[2026-02-11 04:32:03] Google Auth: Session created, success
[2026-02-11 04:56:00] Google Auth: Access Token provided
[2026-02-11 04:56:01] Google Auth: Got user data - sharijohn1975@gmail.com
[2026-02-11 04:56:15] Google Auth: Access Token provided
[2026-02-11 04:56:16] Google Auth: Got user data - sharijohn1975@gmail.com
[2026-02-11 04:56:16] Google Auth: Creating new user with type owner
[2026-02-11 04:56:16] createSession called for user 14
[2026-02-11 04:56:16] Google Auth: Session created, success
[2026-02-11 05:07:19] Google Auth: Access Token provided
[2026-02-11 05:07:21] Google Auth: Got user data - alenchacko2028@mca.ajce.in
[2026-02-11 05:07:21] Google Auth: User exists, logging in
[2026-02-11 05:07:21] createSession called for user 12
[2026-02-11 05:07:21] Google Auth: Session created, success
[2026-02-11 05:24:35] Google Auth: Access Token provided
[2026-02-11 05:24:37] Google Auth: Got user data - sharijohn1975@gmail.com
[2026-02-11 05:24:37] Google Auth: User exists, logging in
[2026-02-11 05:24:37] createSession called for user 14
[2026-02-11 05:24:37] Google Auth: Session created, success
[2026-02-11 05:49:02] Google Auth: Access Token provided
[2026-02-11 05:49:02] Google Auth: Got user data - alenchacko2028@mca.ajce.in
[2026-02-11 05:49:02] Google Auth: User exists, logging in
[2026-02-11 05:49:02] createSession called for user 12
[2026-02-11 05:49:02] Google Auth: Session created, success
[2026-02-11 06:42:04] Google Auth: Access Token provided
[2026-02-11 06:42:04] Google Auth: Got user data - alenchacko2028@mca.ajce.in
[2026-02-11 06:42:04] Google Auth: User exists, logging in
[2026-02-11 06:42:04] createSession called for user 12
[2026-02-11 06:42:04] Google Auth: Session created, success
[2026-02-11 07:02:45] Google Auth: Access Token provided
[2026-02-11 07:02:46] Google Auth: Got user data - alenchacko2028@mca.ajce.in
[2026-02-11 07:02:46] Google Auth: User exists, logging in
[2026-02-11 07:02:46] createSession called for user 12
[2026-02-11 07:02:47] Google Auth: Session created, success
[2026-02-11 07:07:10] Google Auth: Access Token provided
[2026-02-11 07:07:10] Google Auth: Got user data - alenchacko2028@mca.ajce.in
[2026-02-11 07:07:10] Google Auth: User exists, logging in
[2026-02-11 07:07:10] createSession called for user 12
[2026-02-11 07:07:10] Google Auth: Session created, success
[2026-02-11 07:28:09] Google Auth: Access Token provided
[2026-02-11 07:28:11] Google Auth: Got user data - alenchacko2004@gmail.com
[2026-02-11 07:28:11] Google Auth: User exists, logging in
[2026-02-11 07:28:11] createSession called for user 13
[2026-02-11 07:28:11] Google Auth: Session created, success
[2026-02-11 08:03:43] Google Auth: Access Token provided
[2026-02-11 08:03:44] Google Auth: Got user data - alenchacko2004@gmail.com
[2026-02-11 08:03:44] Google Auth: User exists, logging in
[2026-02-11 08:03:44] createSession called for user 13
[2026-02-11 08:03:44] Google Auth: Session created, success
[2026-02-13 11:49:47] Google Auth: Access Token provided
[2026-02-13 11:49:47] Google Auth: Got user data - alenchacko2028@mca.ajce.in
[2026-02-13 11:49:47] Google Auth: User exists, logging in
[2026-02-13 11:49:47] createSession called for user 12
[2026-02-13 11:49:47] Google Auth: Session created, success
[2026-02-15 12:13:49] Google Auth: Access Token provided
[2026-02-15 12:13:49] Google Auth: Got user data - alenchacko2028@mca.ajce.in
[2026-02-15 12:13:49] Google Auth: User exists, logging in
[2026-02-15 12:13:49] createSession called for user 12
[2026-02-15 12:13:49] Google Auth: Session created, success
[2026-02-16 04:33:23] Google Auth: Access Token provided
[2026-02-16 04:33:23] Google Auth: Got user data - alenchacko2004@gmail.com
[2026-02-16 04:33:23] Google Auth: User exists, logging in
[2026-02-16 04:33:23] createSession called for user 13
[2026-02-16 04:33:23] Google Auth: Session created, success
[2026-02-16 06:05:51] Google Auth: Access Token provided
[2026-02-16 06:05:52] Google Auth: Got user data - alenchacko2028@mca.ajce.in
[2026-02-16 06:05:52] Google Auth: User exists, logging in
[2026-02-16 06:05:52] createSession called for user 12
[2026-02-16 06:05:52] Google Auth: Session created, success
[2026-02-17 02:55:58] Google Auth: Access Token provided
[2026-02-17 02:55:59] Google Auth: Got user data - alenchacko2028@mca.ajce.in
[2026-02-17 02:55:59] Google Auth: User exists, logging in
[2026-02-17 02:55:59] createSession called for user 12
[2026-02-17 02:55:59] Google Auth: Session created, success
[2026-02-17 03:17:21] Google Auth: Access Token provided
[2026-02-17 03:17:21] Google Auth: Got user data - alenchacko2028@mca.ajce.in
[2026-02-17 03:17:21] Google Auth: User exists, logging in
[2026-02-17 03:17:21] createSession called for user 12
[2026-02-17 03:17:21] Google Auth: Session created, success
[2026-02-17 13:46:49] Google Auth: Access Token provided
[2026-02-17 13:46:50] Google Auth: Got user data - alenchacko2028@mca.ajce.in
[2026-02-17 13:46:50] Google Auth: User exists, logging in
[2026-02-17 13:46:50] createSession called for user 12
[2026-02-17 13:46:50] Google Auth: Session created, success
[2026-02-17 15:01:18] Google Auth: Access Token provided
[2026-02-17 15:01:19] Google Auth: Got user data - alenchacko2004@gmail.com
[2026-02-17 15:01:19] Google Auth: User exists, logging in
[2026-02-17 15:01:19] createSession called for user 13
[2026-02-17 15:01:19] Google Auth: Session created, success
[2026-02-17 15:09:09] Google Auth: Access Token provided
[2026-02-17 15:09:10] Google Auth: Got user data - alenchacko2028@mca.ajce.in
[2026-02-17 15:09:10] Google Auth: User exists, logging in
[2026-02-17 15:09:10] createSession called for user 12
[2026-02-17 15:09:10] Google Auth: Session created, success
[2026-02-17 15:13:50] Google Auth: Access Token provided
[2026-02-17 15:13:51] Google Auth: Got user data - alenchacko2004@gmail.com
[2026-02-17 15:13:51] Google Auth: User exists, logging in
[2026-02-17 15:13:51] createSession called for user 13
[2026-02-17 15:13:51] Google Auth: Session created, success
[2026-02-17 15:14:44] Google Auth: Access Token provided
[2026-02-17 15:14:44] Google Auth: Got user data - sharijohn1975@gmail.com
[2026-02-17 15:14:44] Google Auth: User exists, logging in
[2026-02-17 15:14:44] createSession called for user 14
[2026-02-17 15:14:44] Google Auth: Session created, success
[2026-02-17 15:21:30] Google Auth: Access Token provided
[2026-02-17 15:21:31] Google Auth: Got user data - alenchacko2028@mca.ajce.in
[2026-02-17 15:21:31] Google Auth: User exists, logging in
[2026-02-17 15:21:31] createSession called for user 12
[2026-02-17 15:21:31] Google Auth: Session created, success
[2026-02-17 15:22:35] Google Auth: Access Token provided
[2026-02-17 15:22:35] Google Auth: Got user data - alenchacko2028@mca.ajce.in
[2026-02-17 15:22:35] Google Auth: User exists, logging in
[2026-02-17 15:22:35] createSession called for user 12
[2026-02-17 15:22:35] Google Auth: Session created, success
[2026-02-17 15:23:38] Google Auth: Access Token provided
[2026-02-17 15:23:39] Google Auth: Got user data - sharijohn1975@gmail.com
[2026-02-17 15:23:39] Google Auth: User exists, logging in
[2026-02-17 15:23:39] createSession called for user 14
[2026-02-17 15:23:39] Google Auth: Session created, success
[2026-02-17 15:28:50] Google Auth: Access Token provided
[2026-02-17 15:28:50] Google Auth: Got user data - alenchacko2028@mca.ajce.in
[2026-02-17 15:28:50] Google Auth: User exists, logging in
[2026-02-17 15:28:50] createSession called for user 12
[2026-02-17 15:28:50] Google Auth: Session created, success
[2026-02-17 15:30:06] Google Auth: Access Token provided
[2026-02-17 15:30:07] Google Auth: Got user data - alenchacko2004@gmail.com
[2026-02-17 15:30:07] Google Auth: User exists, logging in
[2026-02-17 15:30:07] createSession called for user 13
[2026-02-17 15:30:07] Google Auth: Session created, success
[2026-02-17 15:59:02] Google Auth: Access Token provided
[2026-02-17 15:59:03] Google Auth: Got user data - alenchacko2004@gmail.com
[2026-02-17 15:59:03] Google Auth: User exists, logging in
[2026-02-17 15:59:03] createSession called for user 13
[2026-02-17 15:59:03] Google Auth: Session created, success
[2026-02-17 15:59:24] Google Auth: Access Token provided
[2026-02-17 15:59:24] Google Auth: Got user data - sharijohn1975@gmail.com
[2026-02-17 15:59:24] Google Auth: User exists, logging in
[2026-02-17 15:59:24] createSession called for user 14
[2026-02-17 15:59:24] Google Auth: Session created, success
[2026-02-18 01:29:55] Google Auth: Access Token provided
[2026-02-18 01:29:56] Google Auth: Got user data - alenchacko2004@gmail.com
[2026-02-18 01:29:56] Google Auth: User exists, logging in
[2026-02-18 01:29:56] createSession called for user 13
[2026-02-18 01:29:56] Google Auth: Session created, success
[2026-02-18 01:38:16] Google Auth: Access Token provided
[2026-02-18 01:38:16] Google Auth: Got user data - sharijohn1975@gmail.com
[2026-02-18 01:38:16] Google Auth: User exists, logging in
[2026-02-18 01:38:16] createSession called for user 14
[2026-02-18 01:38:16] Google Auth: Session created, success
[2026-02-18 01:40:02] Google Auth: Access Token provided
[2026-02-18 01:40:02] Google Auth: Got user data - alenchacko2004@gmail.com
[2026-02-18 01:40:02] Google Auth: User exists, logging in
[2026-02-18 01:40:02] createSession called for user 13
[2026-02-18 01:40:02] Google Auth: Session created, success
[2026-02-18 01:50:02] Google Auth: Access Token provided
[2026-02-18 01:50:03] Google Auth: Got user data - sharijohn1975@gmail.com
[2026-02-18 01:50:03] Google Auth: User exists, logging in
[2026-02-18 01:50:03] createSession called for user 14
[2026-02-18 01:50:03] Google Auth: Session created, success
[2026-02-18 02:01:29] Google Auth: Access Token provided
[2026-02-18 02:01:30] Google Auth: Got user data - alenchacko2028@mca.ajce.in
[2026-02-18 02:01:30] Google Auth: User exists, logging in
[2026-02-18 02:01:30] createSession called for user 12
[2026-02-18 02:01:30] Google Auth: Session created, success
[2026-02-18 02:10:07] Google Auth: Access Token provided
[2026-02-18 02:10:08] Google Auth: Got user data - augustinejoyaljose2028@mca.ajce.in
[2026-02-18 02:10:08] Google Auth: Creating new user with type worker
[2026-02-18 02:10:08] createSession called for user 15
[2026-02-18 02:10:08] Google Auth: Session created, success
[2026-02-18 02:11:26] Google Auth: Access Token provided
[2026-02-18 02:11:27] Google Auth: Got user data - augustinejoyaljose2028@mca.ajce.in
[2026-02-18 02:11:27] Google Auth: User exists, logging in
[2026-02-18 02:11:27] createSession called for user 15
[2026-02-18 02:11:27] Google Auth: Session created, success
[2026-02-18 02:14:09] Google Auth: Access Token provided
[2026-02-18 02:14:09] Google Auth: Got user data - augustinejoyaljose2028@mca.ajce.in
[2026-02-18 02:14:09] Google Auth: User exists, logging in
[2026-02-18 02:14:09] createSession called for user 15
[2026-02-18 02:14:09] Google Auth: Session created, success
[2026-02-18 02:18:41] Google Auth: Access Token provided
[2026-02-18 02:18:41] Google Auth: Got user data - augustinejoyaljose2028@mca.ajce.in
[2026-02-18 02:18:41] Google Auth: User exists, logging in
[2026-02-18 02:18:41] createSession called for user 15
[2026-02-18 02:18:41] Google Auth: Session created, success
[2026-02-18 02:31:29] Google Auth: Access Token provided
[2026-02-18 02:31:30] Google Auth: Got user data - augustinejoyaljose2028@mca.ajce.in
[2026-02-18 02:31:30] Google Auth: User exists, logging in
[2026-02-18 02:31:30] createSession called for user 15
[2026-02-18 02:31:30] Google Auth: Session created, success
[2026-02-18 03:05:40] Google Auth: Access Token provided
[2026-02-18 03:05:40] Google Auth: Got user data - alenchacko2028@mca.ajce.in
[2026-02-18 03:05:40] Google Auth: User exists, logging in
[2026-02-18 03:05:40] createSession called for user 12
[2026-02-18 03:05:40] Google Auth: Session created, success
[2026-02-18 03:41:17] Google Auth: Access Token provided
[2026-02-18 03:41:17] Google Auth: Got user data - augustinejoyaljose2028@mca.ajce.in
[2026-02-18 03:41:17] Google Auth: User exists, logging in
[2026-02-18 03:41:17] createSession called for user 15
[2026-02-18 03:41:17] Google Auth: Session created, success
[2026-02-18 04:17:31] Google Auth: Access Token provided
[2026-02-18 04:17:31] Google Auth: Got user data - alenchacko2004@gmail.com
[2026-02-18 04:17:31] Google Auth: User exists, logging in
[2026-02-18 04:17:31] createSession called for user 13
[2026-02-18 04:17:31] Google Auth: Session created, success
[2026-02-18 04:19:08] Google Auth: Access Token provided
[2026-02-18 04:19:08] Google Auth: Got user data - alenchacko2028@mca.ajce.in
[2026-02-18 04:19:08] Google Auth: User exists, logging in
[2026-02-18 04:19:08] createSession called for user 12
[2026-02-18 04:19:08] Google Auth: Session created, success
[2026-02-18 04:29:39] Google Auth: Access Token provided
[2026-02-18 04:29:39] Google Auth: Got user data - alenchacko2004@gmail.com
[2026-02-18 04:29:39] Google Auth: User exists, logging in
[2026-02-18 04:29:39] createSession called for user 13
[2026-02-18 04:29:39] Google Auth: Session created, success
[2026-02-18 04:51:46] Google Auth: Access Token provided
[2026-02-18 04:51:48] Google Auth: Got user data - alenchacko2028@mca.ajce.in
[2026-02-18 04:51:48] Google Auth: User exists, logging in
[2026-02-18 04:51:48] createSession called for user 12
[2026-02-18 04:51:48] Google Auth: Session created, success
[2026-02-18 05:26:08] Google Auth: Access Token provided
[2026-02-18 05:26:09] Google Auth: Got user data - abnersamjose2028@mca.ajce.in
[2026-02-18 05:26:09] Google Auth: Creating new user with type worker
[2026-02-18 05:26:09] createSession called for user 16
[2026-02-18 05:26:09] Google Auth: Session created, success
[2026-02-18 05:33:20] Google Auth: Access Token provided
[2026-02-18 05:33:20] Google Auth: Got user data - alenchacko2028@mca.ajce.in
[2026-02-18 05:33:20] Google Auth: User exists, logging in
[2026-02-18 05:33:20] createSession called for user 12
[2026-02-18 05:33:21] Google Auth: Session created, success
[2026-02-18 05:37:16] Google Auth: Access Token provided
[2026-02-18 05:37:19] Google Auth: Got user data - alenchacko2004@gmail.com
[2026-02-18 05:37:19] Google Auth: User exists, logging in
[2026-02-18 05:37:19] createSession called for user 13
[2026-02-18 05:37:19] Google Auth: Session created, success
[2026-02-18 05:44:36] Google Auth: Access Token provided
[2026-02-18 05:44:37] Google Auth: Got user data - alenchacko2028@mca.ajce.in
[2026-02-18 05:44:37] Google Auth: User exists, logging in
[2026-02-18 05:44:37] createSession called for user 12
[2026-02-18 05:44:37] Google Auth: Session created, success
[2026-02-18 05:58:13] Google Auth: Access Token provided
[2026-02-18 05:58:14] Google Auth: Got user data - alenchacko2004@gmail.com
[2026-02-18 05:58:14] Google Auth: User exists, logging in
[2026-02-18 05:58:14] createSession called for user 13
[2026-02-18 05:58:14] Google Auth: Session created, success
[2026-02-18 06:06:58] Google Auth: Access Token provided
[2026-02-18 06:06:58] Google Auth: Got user data - sharijohn1975@gmail.com
[2026-02-18 06:06:58] Google Auth: User exists, logging in
[2026-02-18 06:06:58] createSession called for user 14
[2026-02-18 06:06:58] Google Auth: Session created, success
[2026-02-18 06:10:48] Google Auth: Access Token provided
[2026-02-18 06:10:50] Google Auth: Got user data - alenchacko2028@mca.ajce.in
[2026-02-18 06:10:50] Google Auth: User exists, logging in
[2026-02-18 06:10:50] createSession called for user 12
[2026-02-18 06:10:50] Google Auth: Session created, success
[2026-02-18 06:20:08] Google Auth: Access Token provided
[2026-02-18 06:20:08] Google Auth: Got user data - abnersamjose2028@mca.ajce.in
[2026-02-18 06:20:08] Google Auth: User exists, logging in
[2026-02-18 06:20:08] createSession called for user 16
[2026-02-18 06:20:08] Google Auth: Session created, success
[2026-02-18 06:35:43] Google Auth: Access Token provided
[2026-02-18 06:35:44] Google Auth: Got user data - abnersamjose2028@mca.ajce.in
[2026-02-18 06:35:44] Google Auth: User exists, logging in
[2026-02-18 06:35:44] createSession called for user 16
[2026-02-18 06:35:44] Google Auth: Session created, success
[2026-02-18 06:36:08] Google Auth: Access Token provided
[2026-02-18 06:36:08] Google Auth: Got user data - alenchacko2028@mca.ajce.in
[2026-02-18 06:36:08] Google Auth: User exists, logging in
[2026-02-18 06:36:08] createSession called for user 12
[2026-02-18 06:36:08] Google Auth: Session created, success
[2026-02-18 06:38:28] Google Auth: Access Token provided
[2026-02-18 06:38:28] Google Auth: Got user data - alenchacko2004@gmail.com
[2026-02-18 06:38:28] Google Auth: User exists, logging in
[2026-02-18 06:38:28] createSession called for user 13
[2026-02-18 06:38:28] Google Auth: Session created, success
[2026-02-18 06:39:23] Google Auth: Access Token provided
[2026-02-18 06:39:24] Google Auth: Got user data - alenchacko2028@mca.ajce.in
[2026-02-18 06:39:24] Google Auth: User exists, logging in
[2026-02-18 06:39:24] createSession called for user 12
[2026-02-18 06:39:24] Google Auth: Session created, success
[2026-02-18 06:44:37] Google Auth: Access Token provided
[2026-02-18 06:44:38] Google Auth: Got user data - abnersamjose2028@mca.ajce.in
[2026-02-18 06:44:38] Google Auth: User exists, logging in
[2026-02-18 06:44:38] createSession called for user 16
[2026-02-18 06:44:38] Google Auth: Session created, success
[2026-02-18 06:45:17] Google Auth: Access Token provided
[2026-02-18 06:45:19] Google Auth: Got user data - alenchacko2028@mca.ajce.in
[2026-02-18 06:45:19] Google Auth: User exists, logging in
[2026-02-18 06:45:19] createSession called for user 12
[2026-02-18 06:45:19] Google Auth: Session created, success
[2026-02-18 06:46:15] Google Auth: Access Token provided
[2026-02-18 06:46:16] Google Auth: Got user data - abnersamjose2028@mca.ajce.in
[2026-02-18 06:46:16] Google Auth: User exists, logging in
[2026-02-18 06:46:16] createSession called for user 16
[2026-02-18 06:46:16] Google Auth: Session created, success
[2026-02-18 06:47:47] Google Auth: Access Token provided
[2026-02-18 06:47:48] Google Auth: Got user data - alenchacko2028@mca.ajce.in
[2026-02-18 06:47:48] Google Auth: User exists, logging in
[2026-02-18 06:47:48] createSession called for user 12
[2026-02-18 06:47:48] Google Auth: Session created, success
[2026-02-18 06:50:32] Google Auth: Access Token provided
[2026-02-18 06:50:33] Google Auth: Got user data - alenchacko2028@mca.ajce.in
[2026-02-18 06:50:33] Google Auth: User exists, logging in
[2026-02-18 06:50:33] createSession called for user 12
[2026-02-18 06:50:33] Google Auth: Session created, success
[2026-02-19 03:06:16] Google Auth: Access Token provided
[2026-02-19 03:06:16] Google Auth: Got user data - alenchacko2028@mca.ajce.in
[2026-02-19 03:06:16] Google Auth: User exists, logging in
[2026-02-19 03:06:16] createSession called for user 12
[2026-02-19 03:06:16] Google Auth: Session created, success
[2026-02-19 05:36:46] Google Auth: Access Token provided
[2026-02-19 05:36:46] Google Auth: Got user data - alenchacko2028@mca.ajce.in
[2026-02-19 05:36:46] Google Auth: User exists, logging in
[2026-02-19 05:36:46] createSession called for user 12
[2026-02-19 05:36:46] Google Auth: Session created, success
[2026-02-19 06:29:19] Google Auth: Access Token provided
[2026-02-19 06:29:20] Google Auth: Got user data - sharijohn1975@gmail.com
[2026-02-19 06:29:20] Google Auth: User exists, logging in
[2026-02-19 06:29:20] createSession called for user 14
[2026-02-19 06:29:20] Google Auth: Session created, success
[2026-02-19 06:36:32] Google Auth: Access Token provided
[2026-02-19 06:36:33] Google Auth: Got user data - alenchacko2028@mca.ajce.in
[2026-02-19 06:36:33] Google Auth: User exists, logging in
[2026-02-19 06:36:33] createSession called for user 12
[2026-02-19 06:36:33] Google Auth: Session created, success
[2026-02-20 04:56:07] Google Auth: Access Token provided
[2026-02-20 04:56:07] Google Auth: Got user data - alenchacko2028@mca.ajce.in
[2026-02-20 04:56:07] Google Auth: User exists, logging in
[2026-02-20 04:56:07] createSession called for user 12
[2026-02-20 04:56:07] Google Auth: Session created, success
[2026-02-20 05:24:12] Google Auth: Access Token provided
[2026-02-20 05:24:13] Google Auth: Got user data - alenchacko2004@gmail.com
[2026-02-20 05:24:13] Google Auth: User exists, logging in
[2026-02-20 05:24:13] createSession called for user 13
[2026-02-20 05:24:13] Google Auth: Session created, success
[2026-02-25 04:31:31] Google Auth: Access Token provided
[2026-02-25 04:31:32] Google Auth: Got user data - alenchacko2028@mca.ajce.in
[2026-02-25 04:31:32] Google Auth: User exists, logging in
[2026-02-25 04:31:32] createSession called for user 12
[2026-02-25 04:31:32] Google Auth: Session created, success
[2026-02-25 06:51:06] Google Auth: Access Token provided
[2026-02-25 06:51:08] Google Auth: Got user data - alenchacko2028@mca.ajce.in
[2026-02-25 06:51:08] Google Auth: User exists, logging in
[2026-02-25 06:51:08] createSession called for user 12
[2026-02-25 06:51:08] Google Auth: Session created, success
[2026-02-25 07:30:28] Google Auth: Access Token provided
[2026-02-25 07:30:28] Google Auth: Got user data - alenchacko2004@gmail.com
[2026-02-25 07:30:28] Google Auth: User exists, logging in
[2026-02-25 07:30:28] createSession called for user 13
[2026-02-25 07:30:28] Google Auth: Session created, success
[2026-03-01 11:50:30] Google Auth: Access Token provided
[2026-03-01 11:50:31] Google Auth: Got user data - alenchacko2028@mca.ajce.in
[2026-03-01 11:50:31] Google Auth: User exists, logging in
[2026-03-01 11:50:31] createSession called for user 12
[2026-03-01 11:50:31] Google Auth: Session created, success
[2026-03-01 12:50:34] Google Auth: Access Token provided
[2026-03-01 12:50:35] Google Auth: Got user data - alenchacko2004@gmail.com
[2026-03-01 12:50:35] Google Auth: User exists, logging in
[2026-03-01 12:50:35] createSession called for user 13
[2026-03-01 12:50:35] Google Auth: Session created, success
[2026-03-01 13:05:09] createSession called for user 17
[2026-03-01 13:22:31] Google Auth: Access Token provided
[2026-03-01 13:22:31] Google Auth: Got user data - alenchacko2028@mca.ajce.in
[2026-03-01 13:22:31] Google Auth: User exists, logging in
[2026-03-01 13:22:31] createSession called for user 12
[2026-03-01 13:22:31] Google Auth: Session created, success
[2026-03-01 13:36:18] Google Auth: Access Token provided
[2026-03-01 13:36:18] Google Auth: Got user data - abnersamjose2028@mca.ajce.in
[2026-03-01 13:36:18] Google Auth: User exists, logging in
[2026-03-01 13:36:18] createSession called for user 16
[2026-03-01 13:36:18] Google Auth: Session created, success
[2026-03-01 13:44:16] Google Auth: Access Token provided
[2026-03-01 13:44:16] Google Auth: Got user data - alenchacko2028@mca.ajce.in
[2026-03-01 13:44:16] Google Auth: User exists, logging in
[2026-03-01 13:44:16] createSession called for user 12
[2026-03-01 13:44:16] Google Auth: Session created, success
[2026-03-01 14:11:21] Google Auth: Access Token provided
[2026-03-01 14:11:22] Google Auth: Got user data - abnersamjose2028@mca.ajce.in
[2026-03-01 14:11:22] Google Auth: User exists, logging in
[2026-03-01 14:11:22] createSession called for user 16
[2026-03-01 14:11:22] Google Auth: Session created, success
[2026-03-01 14:32:47] Google Auth: Access Token provided
[2026-03-01 14:32:48] Google Auth: Got user data - alenchacko2028@mca.ajce.in
[2026-03-01 14:32:48] Google Auth: User exists, logging in
[2026-03-01 14:32:48] createSession called for user 12
[2026-03-01 14:32:48] Google Auth: Session created, success
[2026-03-02 02:41:24] Google Auth: Access Token provided
[2026-03-02 02:41:25] Google Auth: Got user data - alenchacko2004@gmail.com
[2026-03-02 02:41:32] Exception: MySQL server has gone away
[2026-03-02 02:42:01] Google Auth: Access Token provided
[2026-03-02 02:42:02] Google Auth: Got user data - alenchacko2004@gmail.com
[2026-03-02 02:42:02] Google Auth: User exists, logging in
[2026-03-02 02:42:02] createSession called for user 13
[2026-03-02 02:42:02] Google Auth: Session created, success
[2026-03-02 02:46:17] Google Auth: Access Token provided
[2026-03-02 02:46:18] Google Auth: Got user data - alenchacko2028@mca.ajce.in
[2026-03-02 02:46:18] Google Auth: User exists, logging in
[2026-03-02 02:46:18] createSession called for user 12
[2026-03-02 02:46:18] Google Auth: Session created, success
[2026-03-02 02:57:13] Google Auth: Access Token provided
[2026-03-02 02:57:13] Google Auth: Got user data - alenchacko2004@gmail.com
[2026-03-02 02:57:13] Google Auth: User exists, logging in
[2026-03-02 02:57:13] createSession called for user 13
[2026-03-02 02:57:13] Google Auth: Session created, success
[2026-03-02 03:07:00] Google Auth: Access Token provided
[2026-03-02 03:07:00] Google Auth: Got user data - alenchacko2028@mca.ajce.in
[2026-03-02 03:07:00] Google Auth: User exists, logging in
[2026-03-02 03:07:00] createSession called for user 12
[2026-03-02 03:07:00] Google Auth: Session created, success
[2026-03-02 03:13:46] Google Auth: Access Token provided
[2026-03-02 03:13:47] Google Auth: Got user data - alenchacko2004@gmail.com
[2026-03-02 03:13:47] Google Auth: User exists, logging in
[2026-03-02 03:13:47] createSession called for user 13
[2026-03-02 03:13:47] Google Auth: Session created, success
[2026-03-02 03:14:15] Google Auth: Access Token provided
[2026-03-02 03:14:16] Google Auth: Got user data - alenchacko2004@gmail.com
[2026-03-02 03:14:16] Google Auth: User exists, logging in
[2026-03-02 03:14:16] createSession called for user 13
[2026-03-02 03:14:16] Google Auth: Session created, success
[2026-03-02 03:21:05] Google Auth: Access Token provided
[2026-03-02 03:21:06] Google Auth: Got user data - alenchacko2028@mca.ajce.in
[2026-03-02 03:21:06] Google Auth: User exists, logging in
[2026-03-02 03:21:06] createSession called for user 12
[2026-03-02 03:21:06] Google Auth: Session created, success
[2026-03-02 03:24:05] Google Auth: Access Token provided
[2026-03-02 03:24:06] Google Auth: Got user data - sharijohn1975@gmail.com
[2026-03-02 03:24:06] Google Auth: User exists, logging in
[2026-03-02 03:24:06] createSession called for user 14
[2026-03-02 03:24:06] Google Auth: Session created, success
[2026-03-02 05:21:29] createSession called for user 11
[2026-03-02 10:36:05] Google Auth: Access Token provided
[2026-03-02 10:36:06] Google Auth: Got user data - alenchacko2028@mca.ajce.in
[2026-03-02 10:36:06] Google Auth: User exists, logging in
[2026-03-02 10:36:06] createSession called for user 12
[2026-03-02 10:36:06] Google Auth: Session created, success
[2026-03-03 05:05:52] createSession called for user 11
[2026-03-03 05:14:52] createSession called for user 11
[2026-03-03 05:37:29] createSession called for user 12
[2026-03-03 05:44:15] createSession called for user 12
[2026-03-03 05:45:08] createSession called for user 12
[2026-03-03 05:50:23] createSession called for user 12
[2026-03-03 05:53:37] createSession called for user 12
[2026-03-03 05:55:43] createSession called for user 12
[2026-03-03 06:00:22] createSession called for user 12
[2026-03-03 06:01:15] createSession called for user 12
[2026-03-03 06:02:51] createSession called for user 12
[2026-03-03 06:05:07] createSession called for user 12
[2026-03-03 06:06:21] createSession called for user 12
[2026-03-05 07:28:47] Google Auth: Access Token provided
[2026-03-05 07:28:49] Google Auth: Got user data - alenchacko2028@mca.ajce.in
[2026-03-05 07:28:49] Google Auth: User exists, logging in
[2026-03-05 07:28:49] createSession called for user 12
[2026-03-05 07:28:49] Google Auth: Session created, success
[2026-03-05 10:00:10] Google Auth: Access Token provided
[2026-03-05 10:00:10] Google Auth: Got user data - alenchacko2028@mca.ajce.in
[2026-03-05 10:00:10] Google Auth: User exists, logging in
[2026-03-05 10:00:10] createSession called for user 12
[2026-03-05 10:00:10] Google Auth: Session created, success
[2026-03-05 10:05:18] Google Auth: Access Token provided
[2026-03-05 10:05:20] Google Auth: Got user data - alenchacko2004@gmail.com
[2026-03-05 10:05:20] Google Auth: User exists, logging in
[2026-03-05 10:05:20] createSession called for user 13
[2026-03-05 10:05:20] Google Auth: Session created, success
[2026-03-05 10:22:45] Google Auth: Access Token provided
[2026-03-05 10:22:46] Google Auth: Got user data - abnersamjose2028@mca.ajce.in
[2026-03-05 10:22:46] Google Auth: User exists, logging in
[2026-03-05 10:22:46] createSession called for user 16
[2026-03-05 10:22:46] Google Auth: Session created, success
[2026-03-05 10:28:32] createSession called for user 11
[2026-03-05 14:46:52] createSession called for user 12
[2026-03-05 14:48:33] createSession called for user 12
[2026-03-06 11:12:04] Google Auth: Access Token provided
[2026-03-06 11:12:04] Google Auth: Got user data - alenchacko2028@mca.ajce.in
[2026-03-06 11:12:04] Google Auth: User exists, logging in
[2026-03-06 11:12:04] createSession called for user 12
[2026-03-06 11:12:04] Google Auth: Session created, success
[2026-03-06 11:22:02] Google Auth: Access Token provided
[2026-03-06 11:22:03] Google Auth: Got user data - abnersamjose2028@mca.ajce.in
[2026-03-06 11:22:03] Google Auth: User exists, logging in
[2026-03-06 11:22:03] createSession called for user 16
[2026-03-06 11:22:03] Google Auth: Session created, success
[2026-03-06 11:36:11] Google Auth: Access Token provided
[2026-03-06 11:36:11] Google Auth: Got user data - alenchacko2028@mca.ajce.in
[2026-03-06 11:36:11] Google Auth: User exists, logging in
[2026-03-06 11:36:11] createSession called for user 12
[2026-03-06 11:36:11] Google Auth: Session created, success
[2026-03-06 11:42:32] createSession called for user 12
[2026-03-06 11:43:58] createSession called for user 12
[2026-03-08 12:10:42] Google Auth: Access Token provided
[2026-03-08 12:10:42] Google Auth: Got user data - alenchacko2028@mca.ajce.in
[2026-03-08 12:10:42] Google Auth: User exists, logging in
[2026-03-08 12:10:42] createSession called for user 12
[2026-03-08 12:10:42] Google Auth: Session created, success
[2026-03-08 12:11:23] Google Auth: Access Token provided
[2026-03-08 12:11:24] Google Auth: Got user data - alenchacko2028@mca.ajce.in
[2026-03-08 12:11:24] Google Auth: User exists, logging in
[2026-03-08 12:11:24] createSession called for user 12
[2026-03-08 12:11:24] Google Auth: Session created, success
[2026-03-09 02:03:54] Google Auth: Access Token provided
[2026-03-09 02:03:54] Google Auth: Got user data - alenchacko2028@mca.ajce.in
[2026-03-09 02:03:54] Google Auth: User exists, logging in
[2026-03-09 02:03:54] createSession called for user 12
[2026-03-09 02:03:54] Google Auth: Session created, success
[2026-03-09 02:39:25] Google Auth: Access Token provided
[2026-03-09 02:39:25] Google Auth: Got user data - sharijohn1975@gmail.com
[2026-03-09 02:39:25] Google Auth: User exists, logging in
[2026-03-09 02:39:25] createSession called for user 14
[2026-03-09 02:39:26] Google Auth: Session created, success
[2026-03-09 02:59:27] Google Auth: Access Token provided
[2026-03-09 02:59:28] Google Auth: Got user data - alenchacko2028@mca.ajce.in
[2026-03-09 02:59:28] Google Auth: User exists, logging in
[2026-03-09 02:59:28] createSession called for user 12
[2026-03-09 02:59:28] Google Auth: Session created, success
[2026-03-09 03:48:08] createSession called for user 12
[2026-03-09 04:46:33] Google Auth: Access Token provided
[2026-03-09 04:46:33] Google Auth: Got user data - alenchacko2004@gmail.com
[2026-03-09 04:46:33] Google Auth: User exists, logging in
[2026-03-09 04:46:33] createSession called for user 13
[2026-03-09 04:46:33] Google Auth: Session created, success
[2026-03-09 04:46:58] Google Auth: Access Token provided
[2026-03-09 04:46:58] Google Auth: Got user data - sharijohn1975@gmail.com
[2026-03-09 04:46:58] Google Auth: User exists, logging in
[2026-03-09 04:46:58] createSession called for user 14
[2026-03-09 04:46:58] Google Auth: Session created, success
[2026-03-09 04:56:36] Google Auth: Access Token provided
[2026-03-09 04:56:37] Google Auth: Got user data - alenchacko2028@mca.ajce.in
[2026-03-09 04:56:37] Google Auth: User exists, logging in
[2026-03-09 04:56:37] createSession called for user 12
[2026-03-09 04:56:37] Google Auth: Session created, success
[2026-03-09 04:57:27] Google Auth: Access Token provided
[2026-03-09 04:57:27] Google Auth: Got user data - alenchacko2004@gmail.com
[2026-03-09 04:57:27] Google Auth: User exists, logging in
[2026-03-09 04:57:27] createSession called for user 13
[2026-03-09 04:57:28] Google Auth: Session created, success
[2026-03-09 05:05:28] Google Auth: Access Token provided
[2026-03-09 05:05:29] Google Auth: Got user data - alenchacko2028@mca.ajce.in
[2026-03-09 05:05:29] Google Auth: User exists, logging in
[2026-03-09 05:05:29] createSession called for user 12
[2026-03-09 05:05:29] Google Auth: Session created, success
[2026-03-09 05:08:17] createSession called for user 12
[2026-03-09 05:10:51] createSession called for user 12
[2026-03-09 05:21:49] createSession called for user 12
[2026-03-09 06:39:37] createSession called for user 12
[2026-03-09 06:53:43] createSession called for user 12
[2026-03-09 07:11:56] createSession called for user 11
[2026-03-09 07:19:29] createSession called for user 11
[2026-03-09 07:21:49] createSession called for user 11
[2026-03-09 07:30:25] createSession called for user 11
[2026-03-09 08:28:34] Google Auth: Access Token provided
[2026-03-09 08:28:37] Google Auth: Got user data - alenchacko2028@mca.ajce.in
[2026-03-09 08:28:37] Google Auth: User exists, logging in
[2026-03-09 08:28:37] createSession called for user 12
[2026-03-09 08:28:37] Google Auth: Session created, success
[2026-03-09 08:28:52] Google Auth: Access Token provided
[2026-03-09 08:28:52] Google Auth: Got user data - alenchacko2004@gmail.com
[2026-03-09 08:28:52] Google Auth: User exists, logging in
[2026-03-09 08:28:52] createSession called for user 13
[2026-03-09 08:28:52] Google Auth: Session created, success
[2026-03-09 08:42:06] createSession called for user 13
[2026-03-09 08:53:45] createSession called for user 13
